Using pre-set license
Built from '2020.3/staging' branch; Version is '2020.3.3f1 (76626098c1c4) revision 7758432'; Using compiler version '192528614'; Build Type 'Release'
OS: 'Windows 10 Pro; OS build 19042.906; Version 2009; 64bit' Language: 'en' Physical Memory: 16300 MB
BatchMode: 1, IsHumanControllingUs: 0, StartBugReporterOnCrash: 0, Is64bit: 1, IsPro: 0

 COMMAND LINE ARGUMENTS:
C:\Users\law\Documents\GitHub\2020.3.3f1\Editor\Unity.exe
-adb2
-batchMode
-noUpm
-name
AssetImportWorker0
-projectPath
C:/Users/law/Desktop/HackUST/Traveler
-logFile
Logs/AssetImportWorker0.log
-srvPort
58708
Successfully changed project path to: C:/Users/law/Desktop/HackUST/Traveler
C:/Users/law/Desktop/HackUST/Traveler
Using Asset Import Pipeline V2.
Refreshing native plugins compatible for Editor in 86.06 ms, found 0 plugins.
Preloading 0 native plugins for Editor in 0.00 ms.
Initialize engine version: 2020.3.3f1 (76626098c1c4)
[Subsystems] Discovering subsystems at path C:/Users/law/Documents/GitHub/2020.3.3f1/Editor/Data/Resources/UnitySubsystems
[Subsystems] Discovering subsystems at path C:/Users/law/Desktop/HackUST/Traveler/Assets
GfxDevice: creating device client; threaded=0
Direct3D:
    Version:  Direct3D 11.0 [level 11.1]
    Renderer: Intel(R) UHD Graphics 620 (ID=0x5917)
    Vendor:   
    VRAM:     8150 MB
    Driver:   27.20.100.8681
Initialize mono
Mono path[0] = 'C:/Users/law/Documents/GitHub/2020.3.3f1/Editor/Data/Managed'
Mono path[1] = 'C:/Users/law/Documents/GitHub/2020.3.3f1/Editor/Data/MonoBleedingEdge/lib/mono/unityjit'
Mono config path = 'C:/Users/law/Documents/GitHub/2020.3.3f1/Editor/Data/MonoBleedingEdge/etc'
Using monoOptions --debugger-agent=transport=dt_socket,embedding=1,server=y,suspend=n,address=127.0.0.1:56324
Begin MonoManager ReloadAssembly
Registering precompiled unity dll's ...
Register platform support module: C:/Users/law/Documents/GitHub/2020.3.3f1/Editor/Data/PlaybackEngines/WindowsStandaloneSupport/UnityEditor.WindowsStandalone.Extensions.dll
Registered in 0.014003 seconds.
Native extension for WindowsStandalone target not found
Refreshing native plugins compatible for Editor in 78.96 ms, found 0 plugins.
Preloading 0 native plugins for Editor in 0.00 ms.
Invoked RoslynAnalysisRunner static constructor.
RoslynAnalysisRunner will not be running.
RoslynAnalysisRunner has terminated.
Mono: successfully reloaded assembly
- Completed reload, in  7.633 seconds
Platform modules already initialized, skipping
Registering precompiled user dll's ...
Registered in 0.003628 seconds.
Begin MonoManager ReloadAssembly
Native extension for WindowsStandalone target not found
Refreshing native plugins compatible for Editor in 1.14 ms, found 0 plugins.
Preloading 0 native plugins for Editor in 0.00 ms.
Invoked RoslynAnalysisRunner static constructor.
RoslynAnalysisRunner will not be running.
RoslynAnalysisRunner has terminated.
Mono: successfully reloaded assembly
- Completed reload, in  3.535 seconds
Platform modules already initialized, skipping
========================================================================
Worker process is ready to serve import requests
Launched and connected shader compiler UnityShaderCompiler.exe after 0.24 seconds
Refreshing native plugins compatible for Editor in 1.15 ms, found 0 plugins.
Preloading 0 native plugins for Editor in 0.00 ms.
Unloading 1588 Unused Serialized files (Serialized files now loaded: 0)
System memory in use before: 73.1 MB.
System memory in use after: 73.2 MB.

Unloading 15 unused Assets to reduce memory usage. Loaded Objects now: 2030.
Total: 7.584800 ms (FindLiveObjects: 0.935400 ms CreateObjectMapping: 0.258800 ms MarkObjects: 6.155900 ms  DeleteObjects: 0.230300 ms)

========================================================================
Received Import Request.
  path: Assets/Post-it.prefab
  artifactKey: Guid(b86e78266ac6e114389cd6396e0125f8) Importer(815301076,1909f56bfc062723c751e8b465ee728b)
Start importing Assets/Post-it.prefab using Guid(b86e78266ac6e114389cd6396e0125f8) Importer(815301076,1909f56bfc062723c751e8b465ee728b)  -> (artifact id: 'e612ee08a40855b8963d4e36242e5fae') in 0.907799 seconds
  Import took 0.924405 seconds .

========================================================================
Received Import Request.
  Time since last request: 2.177995 seconds.
  path: Assets/Post-it.prefab
  artifactKey: Guid(b86e78266ac6e114389cd6396e0125f8) Importer(815301076,1909f56bfc062723c751e8b465ee728b)
Start importing Assets/Post-it.prefab using Guid(b86e78266ac6e114389cd6396e0125f8) Importer(815301076,1909f56bfc062723c751e8b465ee728b)  -> (artifact id: 'e6a41fcd220f1821e0495e620bf18b21') in 0.107588 seconds
  Import took 0.119964 seconds .

========================================================================
Received Import Request.
  Time since last request: 6.667344 seconds.
  path: Assets/Post-it.prefab
  artifactKey: Guid(b86e78266ac6e114389cd6396e0125f8) Importer(815301076,1909f56bfc062723c751e8b465ee728b)
Start importing Assets/Post-it.prefab using Guid(b86e78266ac6e114389cd6396e0125f8) Importer(815301076,1909f56bfc062723c751e8b465ee728b)  -> (artifact id: '8dba89452f097772daf5e8d1b8bd2464') in 0.082708 seconds
  Import took 0.089658 seconds .

========================================================================
Received Import Request.
  Time since last request: 9.355329 seconds.
  path: Assets/Post-it.prefab
  artifactKey: Guid(b86e78266ac6e114389cd6396e0125f8) Importer(815301076,1909f56bfc062723c751e8b465ee728b)
Start importing Assets/Post-it.prefab using Guid(b86e78266ac6e114389cd6396e0125f8) Importer(815301076,1909f56bfc062723c751e8b465ee728b)  -> (artifact id: '5eade343df08df6535482cfcf1a1f4e4') in 0.152872 seconds
  Import took 0.165242 seconds .

========================================================================
Received Import Request.
  Time since last request: 2.966578 seconds.
  path: Assets/Post-it.prefab
  artifactKey: Guid(b86e78266ac6e114389cd6396e0125f8) Importer(815301076,1909f56bfc062723c751e8b465ee728b)
Start importing Assets/Post-it.prefab using Guid(b86e78266ac6e114389cd6396e0125f8) Importer(815301076,1909f56bfc062723c751e8b465ee728b)  -> (artifact id: '76bc839c390b66062e4649867a640929') in 0.087682 seconds
  Import took 0.095241 seconds .

========================================================================
Received Import Request.
  Time since last request: 8.135704 seconds.
  path: Assets/Post-it.prefab
  artifactKey: Guid(b86e78266ac6e114389cd6396e0125f8) Importer(815301076,1909f56bfc062723c751e8b465ee728b)
Start importing Assets/Post-it.prefab using Guid(b86e78266ac6e114389cd6396e0125f8) Importer(815301076,1909f56bfc062723c751e8b465ee728b)  -> (artifact id: '1ea540e5362bb180791feee561305233') in 0.131693 seconds
  Import took 0.144387 seconds .

========================================================================
Received Import Request.
  Time since last request: 24.464953 seconds.
  path: Assets/Post-it.prefab
  artifactKey: Guid(b86e78266ac6e114389cd6396e0125f8) Importer(815301076,1909f56bfc062723c751e8b465ee728b)
Start importing Assets/Post-it.prefab using Guid(b86e78266ac6e114389cd6396e0125f8) Importer(815301076,1909f56bfc062723c751e8b465ee728b)  -> (artifact id: 'e9e081aed808d54bc353671e361e2a94') in 0.157318 seconds
  Import took 0.168385 seconds .

========================================================================
Received Import Request.
  Time since last request: 16.463314 seconds.
  path: Assets/Post-it.prefab
  artifactKey: Guid(b86e78266ac6e114389cd6396e0125f8) Importer(815301076,1909f56bfc062723c751e8b465ee728b)
Start importing Assets/Post-it.prefab using Guid(b86e78266ac6e114389cd6396e0125f8) Importer(815301076,1909f56bfc062723c751e8b465ee728b)  -> (artifact id: '77129182c4fe300b95abc48d5c1bcddf') in 0.212462 seconds
  Import took 0.227538 seconds .

========================================================================
Received Import Request.
  Time since last request: 11.278345 seconds.
  path: Assets/Post-it.prefab
  artifactKey: Guid(b86e78266ac6e114389cd6396e0125f8) Importer(815301076,1909f56bfc062723c751e8b465ee728b)
Start importing Assets/Post-it.prefab using Guid(b86e78266ac6e114389cd6396e0125f8) Importer(815301076,1909f56bfc062723c751e8b465ee728b)  -> (artifact id: 'b3891c76a8d7c4c1b5c0f8a289666ddf') in 0.242480 seconds
  Import took 0.257196 seconds .

========================================================================
Received Import Request.
  Time since last request: 2.533443 seconds.
  path: Assets/Post-it.prefab
  artifactKey: Guid(b86e78266ac6e114389cd6396e0125f8) Importer(815301076,1909f56bfc062723c751e8b465ee728b)
Start importing Assets/Post-it.prefab using Guid(b86e78266ac6e114389cd6396e0125f8) Importer(815301076,1909f56bfc062723c751e8b465ee728b)  -> (artifact id: '7e751a772d7aea28faed6fa65b2d5cd6') in 0.157468 seconds
  Import took 0.171518 seconds .

========================================================================
Received Import Request.
  Time since last request: 3.126575 seconds.
  path: Assets/Post-it.prefab
  artifactKey: Guid(b86e78266ac6e114389cd6396e0125f8) Importer(815301076,1909f56bfc062723c751e8b465ee728b)
Start importing Assets/Post-it.prefab using Guid(b86e78266ac6e114389cd6396e0125f8) Importer(815301076,1909f56bfc062723c751e8b465ee728b)  -> (artifact id: '32671a088cf5b5c6b2cf86fbbfe7a182') in 0.165752 seconds
  Import took 0.178446 seconds .

========================================================================
Received Import Request.
  Time since last request: 3.215965 seconds.
  path: Assets/Post-it.prefab
  artifactKey: Guid(b86e78266ac6e114389cd6396e0125f8) Importer(815301076,1909f56bfc062723c751e8b465ee728b)
Start importing Assets/Post-it.prefab using Guid(b86e78266ac6e114389cd6396e0125f8) Importer(815301076,1909f56bfc062723c751e8b465ee728b)  -> (artifact id: '3030828c463178343625e3e77189e0c5') in 0.181839 seconds
  Import took 0.194195 seconds .

========================================================================
Received Import Request.
  Time since last request: 4.603090 seconds.
  path: Assets/Post-it.prefab
  artifactKey: Guid(b86e78266ac6e114389cd6396e0125f8) Importer(815301076,1909f56bfc062723c751e8b465ee728b)
Start importing Assets/Post-it.prefab using Guid(b86e78266ac6e114389cd6396e0125f8) Importer(815301076,1909f56bfc062723c751e8b465ee728b)  -> (artifact id: 'f6acbc8d34cfbe8311047a0579c21330') in 0.205344 seconds
  Import took 0.221419 seconds .

AssetImportWorkerClient::OnTransportError - code=2 error=End of file
